[debug] [2022-12-18T12:24:15.048Z] ----------------------------------------------------------------------
[debug] [2022-12-18T12:24:15.051Z] Command:       C:\Program Files\nodejs\node.exe C:\Users\User\AppData\Roaming\npm\node_modules\firebase-tools\lib\bin\firebase.js serve
[debug] [2022-12-18T12:24:15.052Z] CLI Version:   11.18.0
[debug] [2022-12-18T12:24:15.053Z] Platform:      win32
[debug] [2022-12-18T12:24:15.053Z] Node Version:  v18.12.1
[debug] [2022-12-18T12:24:15.055Z] Time:          Sun Dec 18 2022 13:24:15 GMT+0100 (Mitteleuropäische Normalzeit)
[debug] [2022-12-18T12:24:15.055Z] ----------------------------------------------------------------------
[debug] 
[debug] [2022-12-18T12:24:15.347Z] > command requires scopes: ["email","openid","https://www.googleapis.com/auth/cloudplatformprojects.readonly","https://www.googleapis.com/auth/firebase","https://www.googleapis.com/auth/cloud-platform"]
[debug] [2022-12-18T12:24:15.348Z] > authorizing via signed-in user (oshone.hetzel@gmail.com)
[debug] [2022-12-18T12:24:15.349Z] [iam] checking project jeremiahs-porfolio for permissions ["firebase.projects.get"]
[debug] [2022-12-18T12:24:15.353Z] >>> [apiv2][query] POST https://cloudresourcemanager.googleapis.com/v1/projects/jeremiahs-porfolio:testIamPermissions [none]
[debug] [2022-12-18T12:24:15.353Z] >>> [apiv2][(partial)header] POST https://cloudresourcemanager.googleapis.com/v1/projects/jeremiahs-porfolio:testIamPermissions x-goog-quota-user=projects/jeremiahs-porfolio
[debug] [2022-12-18T12:24:15.354Z] >>> [apiv2][body] POST https://cloudresourcemanager.googleapis.com/v1/projects/jeremiahs-porfolio:testIamPermissions {"permissions":["firebase.projects.get"]}
[debug] [2022-12-18T12:24:15.618Z] <<< [apiv2][status] POST https://cloudresourcemanager.googleapis.com/v1/projects/jeremiahs-porfolio:testIamPermissions 200
[debug] [2022-12-18T12:24:15.619Z] <<< [apiv2][body] POST https://cloudresourcemanager.googleapis.com/v1/projects/jeremiahs-porfolio:testIamPermissions {"permissions":["firebase.projects.get"]}
[debug] [2022-12-18T12:24:15.624Z] >>> [apiv2][query] GET https://firebase.googleapis.com/v1beta1/projects/jeremiahs-porfolio [none]
[debug] [2022-12-18T12:24:15.907Z] <<< [apiv2][status] GET https://firebase.googleapis.com/v1beta1/projects/jeremiahs-porfolio 200
[debug] [2022-12-18T12:24:15.907Z] <<< [apiv2][body] GET https://firebase.googleapis.com/v1beta1/projects/jeremiahs-porfolio {"projectId":"jeremiahs-porfolio","projectNumber":"521854889168","displayName":"Jeremiahs Porfolio","name":"projects/jeremiahs-porfolio","resources":{"hostingSite":"jeremiahs-porfolio"},"state":"ACTIVE","etag":"1_32ac19c4-1bc6-46fd-93f6-9d1e8d17291f"}
[info] 
[info] === Serving from 'C:\Users\User\Desktop\cool website\threejs-scroll-animation-demo'...
[info] 
[debug] [2022-12-18T12:24:16.026Z] Error: Cannot find module 'C:\Users\User\Desktop\cool website\threejs-scroll-animation-demo\functions\package.json'
Require stack:
- C:\Users\User\AppData\Roaming\npm\node_modules\firebase-tools\lib\emulator\functionsEmulator.js
- C:\Users\User\AppData\Roaming\npm\node_modules\firebase-tools\lib\emulator\controller.js
- C:\Users\User\AppData\Roaming\npm\node_modules\firebase-tools\lib\emulator\commandUtils.js
- C:\Users\User\AppData\Roaming\npm\node_modules\firebase-tools\lib\commands\database-get.js
- C:\Users\User\AppData\Roaming\npm\node_modules\firebase-tools\lib\commands\index.js
- C:\Users\User\AppData\Roaming\npm\node_modules\firebase-tools\lib\index.js
- C:\Users\User\AppData\Roaming\npm\node_modules\firebase-tools\lib\bin\firebase.js
    at Module._resolveFilename (node:internal/modules/cjs/loader:995:15)
    at Module._load (node:internal/modules/cjs/loader:841:27)
    at Module.require (node:internal/modules/cjs/loader:1061:19)
    at require (node:internal/modules/cjs/helpers:103:18)
    at FunctionsEmulator.getNodeBinary (C:\Users\User\AppData\Roaming\npm\node_modules\firebase-tools\lib\emulator\functionsEmulator.js:632:21)
    at FunctionsEmulator.start (C:\Users\User\AppData\Roaming\npm\node_modules\firebase-tools\lib\emulator\functionsEmulator.js:188:39)
    at EmulatorRegistry.start (C:\Users\User\AppData\Roaming\npm\node_modules\firebase-tools\lib\emulator\registry.js:18:24)
    at FunctionsServer.start (C:\Users\User\AppData\Roaming\npm\node_modules\firebase-tools\lib\serve\functions.js:54:44)
    at C:\Users\User\AppData\Roaming\npm\node_modules\firebase-tools\lib\serve\index.js:31:36
    at Array.map (<anonymous>)
    at serve (C:\Users\User\AppData\Roaming\npm\node_modules\firebase-tools\lib\serve\index.js:30:35)
    at Command.actionFn (C:\Users\User\AppData\Roaming\npm\node_modules\firebase-tools\lib\commands\serve.js:59:30)
    at C:\Users\User\AppData\Roaming\npm\node_modules\firebase-tools\lib\command.js:216:25
    at process.processTicksAndRejections (node:internal/process/task_queues:95:5)
[error] 
[error] Error: An unexpected error has occurred.
[debug] [2022-12-18T12:28:56.605Z] ----------------------------------------------------------------------
[debug] [2022-12-18T12:28:56.608Z] Command:       C:\Program Files\nodejs\node.exe C:\Users\User\AppData\Roaming\npm\node_modules\firebase-tools\lib\bin\firebase.js init
[debug] [2022-12-18T12:28:56.610Z] CLI Version:   11.18.0
[debug] [2022-12-18T12:28:56.610Z] Platform:      win32
[debug] [2022-12-18T12:28:56.610Z] Node Version:  v18.12.1
[debug] [2022-12-18T12:28:56.612Z] Time:          Sun Dec 18 2022 13:28:56 GMT+0100 (Mitteleuropäische Normalzeit)
[debug] [2022-12-18T12:28:56.613Z] ----------------------------------------------------------------------
[debug] 
[debug] [2022-12-18T12:28:56.747Z] > command requires scopes: ["email","openid","https://www.googleapis.com/auth/cloudplatformprojects.readonly","https://www.googleapis.com/auth/firebase","https://www.googleapis.com/auth/cloud-platform"]
[debug] [2022-12-18T12:28:56.748Z] > authorizing via signed-in user (oshone.hetzel@gmail.com)
[info] 
     ######## #### ########  ######## ########     ###     ######  ########
     ##        ##  ##     ## ##       ##     ##  ##   ##  ##       ##
     ######    ##  ########  ######   ########  #########  ######  ######
     ##        ##  ##    ##  ##       ##     ## ##     ##       ## ##
     ##       #### ##     ## ######## ########  ##     ##  ######  ########

You're about to initialize a Firebase project in this directory:

  C:\Users\User\Desktop\cool website\threejs-scroll-animation-demo

Before we get started, keep in mind:

  * You are initializing within an existing Firebase project directory

[info] 
=== Project Setup
[info] 
[info] First, let's associate this project directory with a Firebase project.
[info] You can create multiple project aliases by running firebase use --add, 
[info] but for now we'll just set up a default project.
[info] 
[debug] [2022-12-18T12:29:05.108Z] Using project from CLI flag: jeremiahs-porfolio
[debug] [2022-12-18T12:29:05.115Z] >>> [apiv2][query] GET https://firebase.googleapis.com/v1beta1/projects/jeremiahs-porfolio [none]
[debug] [2022-12-18T12:29:05.513Z] <<< [apiv2][status] GET https://firebase.googleapis.com/v1beta1/projects/jeremiahs-porfolio 200
[debug] [2022-12-18T12:29:05.513Z] <<< [apiv2][body] GET https://firebase.googleapis.com/v1beta1/projects/jeremiahs-porfolio {"projectId":"jeremiahs-porfolio","projectNumber":"521854889168","displayName":"Jeremiahs Porfolio","name":"projects/jeremiahs-porfolio","resources":{"hostingSite":"jeremiahs-porfolio"},"state":"ACTIVE","etag":"1_32ac19c4-1bc6-46fd-93f6-9d1e8d17291f"}
[info] i  Using project jeremiahs-porfolio (Jeremiahs Porfolio) 
[info] 
=== Hosting Setup
[info] 
[info] Your public directory is the folder (relative to your project directory) that
[info] will contain Hosting assets to be uploaded with firebase deploy. If you
[info] have a build process for your assets, use your build's output directory.
[info] 
[debug] [2022-12-18T12:29:37.627Z] >>> [apiv2][query] GET https://www.gstatic.com/firebasejs/releases.json [none]
[debug] [2022-12-18T12:29:37.727Z] <<< [apiv2][status] GET https://www.gstatic.com/firebasejs/releases.json 200
[debug] [2022-12-18T12:29:37.727Z] <<< [apiv2][body] GET https://www.gstatic.com/firebasejs/releases.json {"current":{"version":"9.15.0","browserURL":"https://www.gstatic.com/firebasejs/9.15.0/firebase.js","packageURL":"https://www.gstatic.com/firebasejs/9.15.0/firebase.tgz"},"live":{"version":"9.15","browserURL":"https://www.gstatic.com/firebasejs/live/9.15/firebase.js","packageURL":"https://www.gstatic.com/firebasejs/live/9.15/firebase.tgz"},"components":{"analytics":"https://www.gstatic.com/firebasejs/9.15.0/firebase-analytics.js","app":"https://www.gstatic.com/firebasejs/9.15.0/firebase-app.js","app-check":"https://www.gstatic.com/firebasejs/9.15.0/firebase-app-check.js","auth":"https://www.gstatic.com/firebasejs/9.15.0/firebase-auth.js","auth/cordova":"https://www.gstatic.com/firebasejs/9.15.0/firebase-auth/cordova.js","auth/react-native":"https://www.gstatic.com/firebasejs/9.15.0/firebase-auth/react-native.js","functions":"https://www.gstatic.com/firebasejs/9.15.0/firebase-functions.js","firestore":"https://www.gstatic.com/firebasejs/9.15.0/firebase-firestore.js","firestore/lite":"https://www.gstatic.com/firebasejs/9.15.0/firebase-firestore/lite.js","installations":"https://www.gstatic.com/firebasejs/9.15.0/firebase-installations.js","storage":"https://www.gstatic.com/firebasejs/9.15.0/firebase-storage.js","performance":"https://www.gstatic.com/firebasejs/9.15.0/firebase-performance.js","remote-config":"https://www.gstatic.com/firebasejs/9.15.0/firebase-remote-config.js","messaging":"https://www.gstatic.com/firebasejs/9.15.0/firebase-messaging.js","messaging/sw":"https://www.gstatic.com/firebasejs/9.15.0/firebase-messaging/sw.js","database":"https://www.gstatic.com/firebasejs/9.15.0/firebase-database.js","firestore.memory":"https://www.gstatic.com/firebasejs/9.15.0/firebase-firestore.memory.js"}}
[info] +  Wrote y/index.html 
[info] 
[info] i  Detected a .git folder at C:\Users\User\Desktop\cool website\threejs-scroll-animation-demo 
[info] i  Authorizing with GitHub to upload your service account to a GitHub repository's secrets store. 
[info] 
[info] Visit this URL on this device to log in:
[info] https://github.com/login/oauth/authorize?client_id=89cf50f02ac6aaed3484&state=935086611&redirect_uri=http%3A%2F%2Flocalhost%3A9005&scope=read%3Auser%20repo%20public_repo
[info] 
[info] Waiting for authentication...
[debug] [2022-12-18T12:30:46.441Z] >>> [apiv2][query] POST https://github.com/login/oauth/access_token [none]
[debug] [2022-12-18T12:30:46.441Z] >>> [apiv2][body] POST https://github.com/login/oauth/access_token [stream]
[debug] [2022-12-18T12:30:46.713Z] <<< [apiv2][status] POST https://github.com/login/oauth/access_token 200
[debug] [2022-12-18T12:30:46.713Z] <<< [apiv2][body] POST https://github.com/login/oauth/access_token {"access_token":"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","token_type":"bearer","scope":"read:user,repo"}
[debug] [2022-12-18T12:30:46.736Z] >>> [apiv2][query] GET https://api.github.com/user [none]
[debug] [2022-12-18T12:30:47.047Z] <<< [apiv2][status] GET https://api.github.com/user 200
[debug] [2022-12-18T12:30:47.048Z] <<< [apiv2][body] GET https://api.github.com/user {"login":"melonmusk2","id":117078336,"node_id":"U_kgDOBvp5QA","avatar_url":"https://avatars.githubusercontent.com/u/117078336?v=4","gravatar_id":"","url":"https://api.github.com/users/melonmusk2","html_url":"https://github.com/melonmusk2","followers_url":"https://api.github.com/users/melonmusk2/followers","following_url":"https://api.github.com/users/melonmusk2/following{/other_user}","gists_url":"https://api.github.com/users/melonmusk2/gists{/gist_id}","starred_url":"https://api.github.com/users/melonmusk2/starred{/owner}{/repo}","subscriptions_url":"https://api.github.com/users/melonmusk2/subscriptions","organizations_url":"https://api.github.com/users/melonmusk2/orgs","repos_url":"https://api.github.com/users/melonmusk2/repos","events_url":"https://api.github.com/users/melonmusk2/events{/privacy}","received_events_url":"https://api.github.com/users/melonmusk2/received_events","type":"User","site_admin":false,"name":"Jeremiah Hetzel","company":null,"blog":"soon ...","location":"Behind you","email":null,"hireable":null,"bio":"Not much here yet .. ","twitter_username":null,"public_repos":1,"public_gists":0,"followers":0,"following":0,"created_at":"2022-10-31T10:07:10Z","updated_at":"2022-12-18T12:30:40Z","private_gists":0,"total_private_repos":0,"owned_private_repos":0,"disk_usage":1988,"collaborators":0,"two_factor_authentication":false,"plan":{"name":"free","space":976562499,"collaborators":0,"private_repos":10000}}
[info] 
[info] +  Success! Logged into GitHub as melonmusk2 
[info] 
